app/build/intermediates/manifest_merge_blame_file/debug/manifest-merger-blame-debug-report.txt
1<?xml version="1.0" encoding="utf-8"?>
2<manifest xmlns:android="http://schemas.android.com/apk/res/android"
3    package="com.android.foodorderapp"
4    android:versionCode="1"
5    android:versionName="1.0" >
6
7    <uses-sdk
8        android:minSdkVersion="20"
8-->src\main\AndroidManifest.xml
9        android:targetSdkVersion="30" />
9-->src\main\AndroidManifest.xml
10
11    <uses-permission android:name="android.permission.INTERNET" />
11-->src\main\AndroidManifest.xml:4:3-64
11-->src\main\AndroidManifest.xml:4:20-62
12
13    <application
13-->src\main\AndroidManifest.xml:5:5-30:19
14        android:allowBackup="true"
14-->src\main\AndroidManifest.xml:6:9-35
15        android:appComponentFactory="androidx.core.app.CoreComponentFactory"
15-->[androidx.core:core:1.3.1] AndroidManifest.xml:24:18-86
16        android:debuggable="true"
17        android:icon="@mipmap/ic_launcher"
17-->src\main\AndroidManifest.xml:7:9-43
18        android:label="@string/app_name"
18-->src\main\AndroidManifest.xml:8:9-41
19        android:roundIcon="@mipmap/ic_launcher_round"
19-->src\main\AndroidManifest.xml:9:9-54
20        android:supportsRtl="true"
20-->src\main\AndroidManifest.xml:10:9-35
21        android:theme="@style/Theme.FoodOrderApp" >
21-->src\main\AndroidManifest.xml:11:9-50
22        <activity android:name="com.android.foodorderapp.OrderSucceessActivity" />
22-->src\main\AndroidManifest.xml:12:9-68
22-->src\main\AndroidManifest.xml:12:19-56
23        <activity android:name="com.android.foodorderapp.PlaceYourOrderActivity" />
23-->src\main\AndroidManifest.xml:13:9-60
23-->src\main\AndroidManifest.xml:13:19-57
24        <activity android:name="com.android.foodorderapp.RestaurantMenuActivity" />
24-->src\main\AndroidManifest.xml:14:9-60
24-->src\main\AndroidManifest.xml:14:19-57
25        <activity android:name="com.android.foodorderapp.SplashActivity" >
25-->src\main\AndroidManifest.xml:15:9-17:20
25-->src\main\AndroidManifest.xml:15:19-49
26        </activity>
27        <activity android:name="com.android.foodorderapp.SplashActivity2" >
27-->src\main\AndroidManifest.xml:18:9-24:20
27-->src\main\AndroidManifest.xml:18:19-50
28            <intent-filter>
28-->src\main\AndroidManifest.xml:19:13-23:29
29                <action android:name="android.intent.action.MAIN" />
29-->src\main\AndroidManifest.xml:20:17-69
29-->src\main\AndroidManifest.xml:20:25-66
30
31                <category android:name="android.intent.category.LAUNCHER" />
31-->src\main\AndroidManifest.xml:22:17-77
31-->src\main\AndroidManifest.xml:22:27-74
32            </intent-filter>
33        </activity>
34        <activity android:name="com.android.foodorderapp.MainActivity" />
34-->src\main\AndroidManifest.xml:25:9-50
34-->src\main\AndroidManifest.xml:25:19-47
35
36        <meta-data
36-->src\main\AndroidManifest.xml:27:9-29:57
37            android:name="preloaded_fonts"
37-->src\main\AndroidManifest.xml:28:13-43
38            android:resource="@array/preloaded_fonts" />
38-->src\main\AndroidManifest.xml:29:13-54
39    </application>
40
41</manifest>